<?xml version="1.0" encoding="UTF-8"?>
<testng-results ignored="0" total="2" passed="2" failed="0" skipped="0">
  <reporter-output>
  </reporter-output>
  <suite started-at="2025-06-03T23:56:09 BST" name="Regression Suite" finished-at="2025-06-03T23:56:30 BST" duration-ms="21303">
    <groups>
    </groups>
    <test started-at="2025-06-03T23:56:09 BST" name="Test" finished-at="2025-06-03T23:56:30 BST" duration-ms="21303">
      <class name="testCase.NegativeTestCase">
        <test-method is-config="true" signature="setup()[pri:0, instance:testCase.NegativeTestCase@44c03695]" started-at="2025-06-03T23:56:21 BST" name="setup" finished-at="2025-06-03T23:56:28 BST" duration-ms="6658" status="PASS">
          <reporter-output>
          </reporter-output>
        </test-method> <!-- setup -->
        <test-method signature="loginNegativeCase()[pri:0, instance:testCase.NegativeTestCase@44c03695]" started-at="2025-06-03T23:56:28 BST" name="loginNegativeCase" finished-at="2025-06-03T23:56:30 BST" duration-ms="2028" status="PASS">
          <reporter-output>
          </reporter-output>
        </test-method> <!-- loginNegativeCase -->
        <test-method is-config="true" signature="tearDown()[pri:0, instance:testCase.NegativeTestCase@44c03695]" started-at="2025-06-03T23:56:30 BST" name="tearDown" finished-at="2025-06-03T23:56:30 BST" duration-ms="412" status="PASS">
          <reporter-output>
          </reporter-output>
        </test-method> <!-- tearDown -->
      </class> <!-- testCase.NegativeTestCase -->
      <class name="testCase.PositiveTestCase">
        <test-method is-config="true" signature="setup()[pri:0, instance:testCase.PositiveTestCase@7586beff]" started-at="2025-06-03T23:56:09 BST" name="setup" finished-at="2025-06-03T23:56:17 BST" duration-ms="8371" status="PASS">
          <reporter-output>
          </reporter-output>
        </test-method> <!-- setup -->
        <test-method signature="loginTest()[pri:0, instance:testCase.PositiveTestCase@7586beff]" started-at="2025-06-03T23:56:17 BST" name="loginTest" finished-at="2025-06-03T23:56:20 BST" duration-ms="3007" status="PASS">
          <reporter-output>
          </reporter-output>
        </test-method> <!-- loginTest -->
        <test-method is-config="true" signature="tearDown()[pri:0, instance:testCase.PositiveTestCase@7586beff]" started-at="2025-06-03T23:56:20 BST" name="tearDown" finished-at="2025-06-03T23:56:21 BST" duration-ms="762" status="PASS">
          <reporter-output>
          </reporter-output>
        </test-method> <!-- tearDown -->
      </class> <!-- testCase.PositiveTestCase -->
    </test> <!-- Test -->
  </suite> <!-- Regression Suite -->
</testng-results>
